c:\users\treefire\desktop\twoplayersandamattress-master\twoplayersandamatress\x64\debug\vc120.pdb
c:\users\treefire\desktop\twoplayersandamattress-master\twoplayersandamatress\x64\debug\vc120.idb
c:\users\treefire\desktop\twoplayersandamattress-master\twoplayersandamatress\x64\debug\entity.obj
c:\users\treefire\desktop\twoplayersandamattress-master\twoplayersandamatress\x64\debug\mycontactlistener.obj
c:\users\treefire\desktop\twoplayersandamattress-master\twoplayersandamatress\x64\debug\particle.obj
c:\users\treefire\desktop\twoplayersandamattress-master\twoplayersandamatress\x64\debug\physics.obj
c:\users\treefire\desktop\twoplayersandamattress-master\twoplayersandamatress\x64\debug\enemyentity.obj
c:\users\treefire\desktop\twoplayersandamattress-master\twoplayersandamatress\x64\debug\main.obj
c:\users\treefire\desktop\twoplayersandamattress-master\twoplayersandamatress\x64\debug\playerentity.obj
c:\users\treefire\desktop\twoplayersandamattress-master\twoplayersandamatress\x64\debug\wallentity.obj
c:\users\treefire\desktop\twoplayersandamattress-master\twoplayersandamatress\x64\debug\levelwinentity.obj
c:\users\treefire\desktop\twoplayersandamattress-master\x64\debug\twoplayersandamatress.ilk
c:\users\treefire\desktop\twoplayersandamattress-master\x64\debug\twoplayersandamatress.exe
c:\users\treefire\desktop\twoplayersandamattress-master\x64\debug\twoplayersandamatress.pdb
c:\users\treefire\desktop\twoplayersandamattress-master\twoplayersandamatress\x64\debug\twoplaye.39879e18.tlog\cl.command.1.tlog
c:\users\treefire\desktop\twoplayersandamattress-master\twoplayersandamatress\x64\debug\twoplaye.39879e18.tlog\cl.read.1.tlog
c:\users\treefire\desktop\twoplayersandamattress-master\twoplayersandamatress\x64\debug\twoplaye.39879e18.tlog\cl.write.1.tlog
c:\users\treefire\desktop\twoplayersandamattress-master\twoplayersandamatress\x64\debug\twoplaye.39879e18.tlog\link.command.1.tlog
c:\users\treefire\desktop\twoplayersandamattress-master\twoplayersandamatress\x64\debug\twoplaye.39879e18.tlog\link.read.1.tlog
c:\users\treefire\desktop\twoplayersandamattress-master\twoplayersandamatress\x64\debug\twoplaye.39879e18.tlog\link.write.1.tlog
