Build started 6/13/2015 4:01:23 PM.
     1>Project "C:\Prog\Games\TwoPlayersAndAMatress\TwoPlayersAndAMatress\TwoPlayersAndAMatress.vcxproj" on node 2 (Build target(s)).
     1>ClCompile:
         C:\Program Files (x86)\Microsoft Visual Studio 12.0\VC\bin\x86_amd64\CL.exe /c /Zi /nologo /W3 /WX- /O2 /Oi /GL /D WIN32 /D NDEBUG /D _CONSOLE /D _LIB /D _UNICODE /D UNICODE /Gm- /EHsc /MD /GS /Gy /fp:precise /Zc:wchar_t /Zc:forScope /Fo"x64\Release\\" /Fd"x64\Release\vc120.pdb" /Gd /TP /errorReport:prompt main.cpp
         main.cpp
     1>c:\prog\games\twoplayersandamatress\twoplayersandamatress\Camera.h(53): warning C4244: '=' : conversion from 'float' to 'int', possible loss of data
     1>c:\prog\games\twoplayersandamatress\twoplayersandamatress\Camera.h(54): warning C4244: '=' : conversion from 'float' to 'int', possible loss of data
     1>c:\prog\games\twoplayersandamatress\twoplayersandamatress\Camera.h(55): warning C4244: '=' : conversion from 'float' to 'int', possible loss of data
     1>main.cpp(57): warning C4267: 'initializing' : conversion from 'size_t' to 'int', possible loss of data
     1>main.cpp(267): warning C4101: 'version' : unreferenced local variable
     1>main.cpp(376): warning C4244: '+=' : conversion from 'double' to 'float', possible loss of data
     1>main.cpp(404): warning C4267: 'initializing' : conversion from 'size_t' to 'int', possible loss of data
     1>main.cpp(510): warning C4267: 'initializing' : conversion from 'size_t' to 'int', possible loss of data
       Link:
         C:\Program Files (x86)\Microsoft Visual Studio 12.0\VC\bin\x86_amd64\link.exe /ERRORREPORT:PROMPT /OUT:"C:\Prog\Games\TwoPlayersAndAMatress\x64\Release\TwoPlayersAndAMatress.exe" /INCREMENTAL:NO /NOLOGO opengl32.lib Blit3D.lib Box2D.lib kernel32.lib user32.lib gdi32.lib winspool.lib comdlg32.lib advapi32.lib shell32.lib ole32.lib oleaut32.lib uuid.lib odbc32.lib odbccp32.lib /MANIFEST /MANIFESTUAC:"level='asInvoker' uiAccess='false'" /manifest:embed /DEBUG /PDB:"C:\Prog\Games\TwoPlayersAndAMatress\x64\Release\TwoPlayersAndAMatress.pdb" /SUBSYSTEM:CONSOLE /OPT:REF /OPT:ICF /LTCG /TLBID:1 /DYNAMICBASE /NXCOMPAT /IMPLIB:"C:\Prog\Games\TwoPlayersAndAMatress\x64\Release\TwoPlayersAndAMatress.lib" /MACHINE:X64 x64\Release\EnemyEntity.obj
         x64\Release\Entity.obj
         x64\Release\LevelWinEntity.obj
         x64\Release\main.obj
         x64\Release\MyContactListener.obj
         x64\Release\Particle.obj
         x64\Release\Physics.obj
         x64\Release\PlayerEntity.obj
         x64\Release\WallEntity.obj
     1>LINK : warning LNK4098: defaultlib 'LIBCMT' conflicts with use of other libs; use /NODEFAULTLIB:library
         Generating code
         Finished generating code
     1>Blit3D.lib(AngelcodeFont.obj) : warning LNK4099: PDB '120.pdb' was not found with 'Blit3D.lib(AngelcodeFont.obj)' or at 'C:\Prog\Games\TwoPlayersAndAMatress\x64\Release\120.pdb'; linking object as if no debug info
     1>Blit3D.lib(BFont.obj) : warning LNK4099: PDB '120.pdb' was not found with 'Blit3D.lib(BFont.obj)' or at 'C:\Prog\Games\TwoPlayersAndAMatress\x64\Release\120.pdb'; linking object as if no debug info
     1>Blit3D.lib(Blit3D.obj) : warning LNK4099: PDB '120.pdb' was not found with 'Blit3D.lib(Blit3D.obj)' or at 'C:\Prog\Games\TwoPlayersAndAMatress\x64\Release\120.pdb'; linking object as if no debug info
     1>Blit3D.lib(ByteSwap.obj) : warning LNK4099: PDB '120.pdb' was not found with 'Blit3D.lib(ByteSwap.obj)' or at 'C:\Prog\Games\TwoPlayersAndAMatress\x64\Release\120.pdb'; linking object as if no debug info
     1>Blit3D.lib(glslprogram.obj) : warning LNK4099: PDB '120.pdb' was not found with 'Blit3D.lib(glslprogram.obj)' or at 'C:\Prog\Games\TwoPlayersAndAMatress\x64\Release\120.pdb'; linking object as if no debug info
     1>Blit3D.lib(Logger.obj) : warning LNK4099: PDB '120.pdb' was not found with 'Blit3D.lib(Logger.obj)' or at 'C:\Prog\Games\TwoPlayersAndAMatress\x64\Release\120.pdb'; linking object as if no debug info
     1>Blit3D.lib(RenderBuffer.obj) : warning LNK4099: PDB '120.pdb' was not found with 'Blit3D.lib(RenderBuffer.obj)' or at 'C:\Prog\Games\TwoPlayersAndAMatress\x64\Release\120.pdb'; linking object as if no debug info
     1>Blit3D.lib(ShaderManager.obj) : warning LNK4099: PDB '120.pdb' was not found with 'Blit3D.lib(ShaderManager.obj)' or at 'C:\Prog\Games\TwoPlayersAndAMatress\x64\Release\120.pdb'; linking object as if no debug info
     1>Blit3D.lib(Sprite.obj) : warning LNK4099: PDB '120.pdb' was not found with 'Blit3D.lib(Sprite.obj)' or at 'C:\Prog\Games\TwoPlayersAndAMatress\x64\Release\120.pdb'; linking object as if no debug info
     1>Blit3D.lib(TextureManager.obj) : warning LNK4099: PDB '120.pdb' was not found with 'Blit3D.lib(TextureManager.obj)' or at 'C:\Prog\Games\TwoPlayersAndAMatress\x64\Release\120.pdb'; linking object as if no debug info
     1>Blit3D.lib(glew.obj) : warning LNK4099: PDB 'vc120.pdb' was not found with 'Blit3D.lib(glew.obj)' or at 'C:\Prog\Games\TwoPlayersAndAMatress\x64\Release\vc120.pdb'; linking object as if no debug info
         TwoPlayersAndAMatress.vcxproj -> C:\Prog\Games\TwoPlayersAndAMatress\x64\Release\TwoPlayersAndAMatress.exe
     1>Done Building Project "C:\Prog\Games\TwoPlayersAndAMatress\TwoPlayersAndAMatress\TwoPlayersAndAMatress.vcxproj" (Build target(s)).

Build succeeded.

Time Elapsed 00:00:03.00
